Building DAG of jobs...
Using shell: /usr/bin/bash
Provided cores: 24
Rules claiming more threads will be scaled down.
Job counts:
	count	jobs
	1	panphlan_map
	1

rule panphlan_map:
    input: /scr1/users/leej39/Sagori/sunbeam_output/qc/decontam/SRC.738178_1.fastq.gz, /scr1/users/leej39/Sagori/sunbeam_output/qc/decontam/SRC.738101_1.fastq.gz, /scr1/users/leej39/Sagori/sunbeam_output/qc/decontam/SRC.738367_1.fastq.gz, /scr1/users/leej39/Sagori/sunbeam_output/qc/decontam/SRC.738146_1.fastq.gz
    output: /scr1/users/leej39/Sagori/PanPhlAn_output/map_result/SRC.738178_ecoli16.csv.bz2
    jobid: 0
    wildcards: sample=SRC.738178, clade=ecoli16


        ~/panphlan/panphlan_map.py         -c ecoli16         -i /scr1/users/leej39/Sagori/sunbeam_output/qc/decontam/SRC.738178_1.fastq.gz /scr1/users/leej39/Sagori/sunbeam_output/qc/decontam/SRC.738101_1.fastq.gz /scr1/users/leej39/Sagori/sunbeam_output/qc/decontam/SRC.738367_1.fastq.gz /scr1/users/leej39/Sagori/sunbeam_output/qc/decontam/SRC.738146_1.fastq.gz         -o /scr1/users/leej39/Sagori/PanPhlAn_output/map_result/SRC.738178_ecoli16.csv.bz2
        
Error in rule panphlan_map:
    jobid: 0
    output: /scr1/users/leej39/Sagori/PanPhlAn_output/map_result/SRC.738178_ecoli16.csv.bz2

RuleException:
CalledProcessError in line 10 of /home/leej39/pan_snake/rules/map/map.rules:
Command ' set -euo pipefail;  
        ~/panphlan/panphlan_map.py         -c ecoli16         -i /scr1/users/leej39/Sagori/sunbeam_output/qc/decontam/SRC.738178_1.fastq.gz /scr1/users/leej39/Sagori/sunbeam_output/qc/decontam/SRC.738101_1.fastq.gz /scr1/users/leej39/Sagori/sunbeam_output/qc/decontam/SRC.738367_1.fastq.gz /scr1/users/leej39/Sagori/sunbeam_output/qc/decontam/SRC.738146_1.fastq.gz         -o /scr1/users/leej39/Sagori/PanPhlAn_output/map_result/SRC.738178_ecoli16.csv.bz2 ' returned non-zero exit status 2.
  File "/home/leej39/pan_snake/rules/map/map.rules", line 10, in __rule_panphlan_map
  File "/home/leej39/miniconda3/lib/python3.6/concurrent/futures/thread.py", line 56, in run
Shutting down, this might take some time.
Exiting because a job execution failed. Look above for error message
Complete log: /home/leej39/pan_snake/.snakemake/log/2019-08-08T105759.220869.snakemake.log
