Building DAG of jobs...
Building DAG of jobs...
Using shell: /usr/bin/bash
Provided cores: 24
Rules claiming more threads will be scaled down.
Job counts:
	count	jobs
	1	panphlan_map
	1
Using shell: /usr/bin/bash

Provided cores: 24
rule panphlan_map:
    input: /scr1/users/leej39/Sagori/sunbeam_output/qc/decontam/SRC.738367_1.fastq.gz
    output: /scr1/users/leej39/Sagori/PanPhlAn_output/map_result/SRC.738367_vparvula16
    jobid: 0
    wildcards: sample=SRC.738367, clade=vparvula16
Rules claiming more threads will be scaled down.

Job counts:
	count	jobs
	1	panphlan_map
	1

rule panphlan_map:
    input: /scr1/users/leej39/Sagori/sunbeam_output/qc/decontam/SRC.738101_1.fastq.gz
    output: /scr1/users/leej39/Sagori/PanPhlAn_output/map_result/SRC.738101_ecoli16
    jobid: 0
    wildcards: sample=SRC.738101, clade=ecoli16


        ~/panphlan/panphlan_map.py         -c vparvula16         -i /scr1/users/leej39/Sagori/sunbeam_output/qc/decontam/SRC.738367_1.fastq.gz         -o /scr1/users/leej39/Sagori/PanPhlAn_output/map_result/SRC.738367_vparvula16
        

        ~/panphlan/panphlan_map.py         -c ecoli16         -i /scr1/users/leej39/Sagori/sunbeam_output/qc/decontam/SRC.738101_1.fastq.gz         -o /scr1/users/leej39/Sagori/PanPhlAn_output/map_result/SRC.738101_ecoli16
        
Waiting at most 90 seconds for missing files.
Waiting at most 90 seconds for missing files.
MissingOutputException in line 4 of /home/leej39/pan_snake/rules/map/map.rules:
Missing files after 90 seconds:
/scr1/users/leej39/Sagori/PanPhlAn_output/map_result/SRC.738367_vparvula16
This might be due to filesystem latency. If that is the case, consider to increase the wait time with --latency-wait.
Shutting down, this might take some time.
Exiting because a job execution failed. Look above for error message
Complete log: /home/leej39/pan_snake/.snakemake/log/2019-08-08T113712.655210.snakemake.log
MissingOutputException in line 4 of /home/leej39/pan_snake/rules/map/map.rules:
Missing files after 90 seconds:
/scr1/users/leej39/Sagori/PanPhlAn_output/map_result/SRC.738101_ecoli16
This might be due to filesystem latency. If that is the case, consider to increase the wait time with --latency-wait.
Shutting down, this might take some time.
Exiting because a job execution failed. Look above for error message
Complete log: /home/leej39/pan_snake/.snakemake/log/2019-08-08T113712.655210.snakemake.log
